<?xml version="1.0" encoding="UTF-8"?>
<!-- Generated by org.testng.reporters.JUnitXMLReporter -->
<testsuite ignored="0" hostname="Acer" failures="0" tests="5" name="Default test" time="0.119" errors="0" timestamp="2024-11-27T11:45:57 IST">
  <testcase classname="com.qa.Test.LoginPageTest" name="@BeforeClass setup" time="-1.732688157792E9">
    <failure type="org.testng.TestNGException" message="
Parameter &amp;apos;browserName&amp;apos; is required by BeforeClass on method setup but has not been marked @Optional or defined
in C:\Users\acer\AppData\Local\Temp\testng-eclipse-1656497390\testng-customsuite.xml">
      <![CDATA[org.testng.TestNGException: 
Parameter 'browserName' is required by BeforeClass on method setup but has not been marked @Optional or defined
in C:\Users\acer\AppData\Local\Temp\testng-eclipse-1656497390\testng-customsuite.xml
at org.testng.internal.Parameters.createParams(Parameters.java:264)
at org.testng.internal.Parameters.createParametersForMethod(Parameters.java:352)
at org.testng.internal.Parameters.createParameters(Parameters.java:690)
at org.testng.internal.Parameters.createConfigurationParameters(Parameters.java:163)
at org.testng.internal.invokers.ConfigInvoker.invokeConfigurations(ConfigInvoker.java:313)
at org.testng.internal.invokers.TestMethodWorker.invokeBeforeClassMethods(TestMethodWorker.java:188)
at org.testng.internal.invokers.TestMethodWorker.run(TestMethodWorker.java:128)
at java.base/java.util.ArrayList.forEach(ArrayList.java:1596)
at org.testng.TestRunner.privateRun(TestRunner.java:739)
at org.testng.TestRunner.run(TestRunner.java:614)
at org.testng.SuiteRunner.runTest(SuiteRunner.java:421)
at org.testng.SuiteRunner.runSequentially(SuiteRunner.java:413)
at org.testng.SuiteRunner.privateRun(SuiteRunner.java:373)
at org.testng.SuiteRunner.run(SuiteRunner.java:312)
at org.testng.SuiteRunnerWorker.runSuite(SuiteRunnerWorker.java:52)
at org.testng.SuiteRunnerWorker.run(SuiteRunnerWorker.java:95)
at org.testng.TestNG.runSuitesSequentially(TestNG.java:1274)
at org.testng.TestNG.runSuitesLocally(TestNG.java:1208)
at org.testng.TestNG.runSuites(TestNG.java:1112)
at org.testng.TestNG.run(TestNG.java:1079)
at org.testng.remote.AbstractRemoteTestNG.run(AbstractRemoteTestNG.java:115)
at org.testng.remote.RemoteTestNG.initAndRun(RemoteTestNG.java:293)
at org.testng.remote.RemoteTestNG.main(RemoteTestNG.java:91)
]]>
    </failure>
  </testcase> <!-- @BeforeClass setup -->
  <testcase classname="com.qa.Test.LoginPageTest" name="@BeforeMethod Start" time="0.0">
    <skipped/>
  </testcase> <!-- @BeforeMethod Start -->
  <testcase classname="com.qa.Test.LoginPageTest" name="@AfterMethod Screenshots" time="0.0">
    <skipped/>
  </testcase> <!-- @AfterMethod Screenshots -->
  <testcase classname="com.qa.Test.LoginPageTest" name="@BeforeMethod Start" time="0.0">
    <skipped/>
  </testcase> <!-- @BeforeMethod Start -->
  <testcase classname="com.qa.Test.LoginPageTest" name="@AfterMethod Screenshots" time="0.0">
    <skipped/>
  </testcase> <!-- @AfterMethod Screenshots -->
  <testcase classname="com.qa.Test.LoginPageTest" name="@BeforeMethod Start" time="0.0">
    <skipped/>
  </testcase> <!-- @BeforeMethod Start -->
  <testcase classname="com.qa.Test.LoginPageTest" name="@AfterMethod Screenshots" time="0.0">
    <skipped/>
  </testcase> <!-- @AfterMethod Screenshots -->
  <testcase classname="com.qa.Test.LoginPageTest" name="@BeforeMethod Start" time="0.0">
    <skipped/>
  </testcase> <!-- @BeforeMethod Start -->
  <testcase classname="com.qa.Test.LoginPageTest" name="@AfterMethod Screenshots" time="0.0">
    <skipped/>
  </testcase> <!-- @AfterMethod Screenshots -->
  <testcase classname="com.qa.Test.LoginPageTest" name="@AfterClass Teardown" time="0.0">
    <skipped/>
  </testcase> <!-- @AfterClass Teardown -->
  <testcase classname="com.qa.Test.LoginPageTest" name="LoginPageTitleTest" time="0.0">
    <skipped/>
  </testcase> <!-- LoginPageTitleTest -->
  <testcase classname="com.qa.Test.LoginPageTest" name="LoginLogoTest" time="0.0">
    <skipped/>
  </testcase> <!-- LoginLogoTest -->
  <testcase classname="com.qa.Test.LoginPageTest" name="LoginWithValidCradential" time="0.0">
    <skipped/>
  </testcase> <!-- LoginWithValidCradential -->
  <testcase classname="com.qa.Test.LoginPageTest" name="LoginWithInvalidUsername" time="0.0">
    <skipped/>
  </testcase> <!-- LoginWithInvalidUsername -->
  <testcase classname="com.qa.Test.LoginPageTest" name="InvalidPassword" time="0.0">
    <skipped/>
  </testcase> <!-- InvalidPassword -->
</testsuite> <!-- Default test -->
